Namespace(n_users=4, availability=1, iterations=6, m=20, compensation='item', adoption='top_k', sorting='historical', granularity='fix', dataset='synth', power_law=False, log=True)
Dataset: synthetic

# Users: 4
# Items: 160 

Iteration 1
Iteration 2
Iteration 3
Iteration 4
Iteration 5
Iteration 6

Vector of std_dev:  ['0.02283', '0.00431', '0.02493', '0.00706', '0.03157', '0.02918']
Average std_dev SoCRATe: 0.01998
Deviation std_dev SoCRATe: 0.01052

Vector of means:  ['0.14869', '0.33194', '0.49491', '0.65368', '0.80567', '0.96627']
Average mean SoCRATe: 0.56686
Deviation mean SoCRATe: 0.27668

File path:  ./oracle/oracle-4u-6iter-1av-1000000r-item-top_k-fix
Saving oracle plot...

Opening file...
Computing average...
Fitting...
Percentage of oracle instances worse than SoCRATe: 99.056%
Parameters - a:  3.3937872090367396 b:  6.322297026637762 loc:  0.01437830111185558 scale:  0.0763877643366129

---AVERAGE OF MEANS---
Minimum:  0.5660425789138995 Maximum:  0.5669916255152159 Mean:  0.5663463342365013
---STD_DEV OF MEANS---
Minimum:  0.27595982177635003 Maximum:  0.2767958123060334 Mean:  0.2762327555828819

---AVERAGE OF STD_DEV---
Minimum:  0.0143889157906096 Maximum:  0.08511332476243494 Mean:  0.04104948400691907
---STD_DEV OF STD_DEV---
Minimum:  0.00014149008562699817 Maximum:  0.04398355354272168 Mean:  0.01560690639469199

---EXECUTION TIME: 0:01:51 ---
